#
# There is insufficient memory for the Java Runtime Environment to continue.
# Native memory allocation (mmap) failed to map 266338304 bytes for G1 virtual space
# Possible reasons:
#   The system is out of physical RAM or swap space
#   The process is running with CompressedOops enabled, and the Java Heap may be blocking the growth of the native heap
# Possible solutions:
#   Reduce memory load on the system
#   Increase physical memory or swap space
#   Check if swap backing store is full
#   Decrease Java heap size (-Xmx/-Xms)
#   Decrease number of Java threads
#   Decrease Java thread stack sizes (-Xss)
#   Set larger code cache with -XX:ReservedCodeCacheSize=
#   JVM is running with Zero Based Compressed Oops mode in which the Java heap is
#     placed in the first 32GB address space. The Java Heap base address is the
#     maximum limit for the native heap growth. Please use -XX:HeapBaseMinAddress
#     to set the Java Heap base and to place the Java Heap above 32GB virtual address.
# This output file may be truncated or incomplete.
#
#  Out of Memory Error (os_windows.cpp:3600), pid=101472, tid=102952
#
# JRE version:  (21.0.1+12) (build )
# Java VM: OpenJDK 64-Bit Server VM (21.0.1+12-29, mixed mode, sharing, tiered, compressed oops, compressed class ptrs, g1 gc, windows-amd64)
# No core dump will be written. Minidumps are not enabled by default on client versions of Windows
#

---------------  S U M M A R Y ------------

Command Line: -Dnet.bytebuddy.agent.attacher.dump= net.bytebuddy.agent.Attacher com.sun.tools.attach.VirtualMachine 105588 C:\Users\wlsrl\.gradle\caches\modules-2\files-2.1\net.bytebuddy\byte-buddy-agent\1.14.10\90ed94ac044ea8953b224304c762316e91fd6b31\byte-buddy-agent-1.14.10.jar false 

Host: 12th Gen Intel(R) Core(TM) i5-12400F, 12 cores, 15G,  Windows 11 , 64 bit Build 22621 (10.0.22621.2506)
Time: Thu Jan  4 16:30:06 2024  Windows 11 , 64 bit Build 22621 (10.0.22621.2506) elapsed time: 0.014327 seconds (0d 0h 0m 0s)

---------------  T H R E A D  ---------------

Current thread (0x0000029dd727c9e0):  JavaThread "Unknown thread" [_thread_in_vm, id=102952, stack(0x000000f303800000,0x000000f303900000) (1024K)]

Stack: [0x000000f303800000,0x000000f303900000]
Native frames: (J=compiled Java code, j=interpreted, Vv=VM code, C=native code)
V  [jvm.dll+0x6c9029]
V  [jvm.dll+0x854b81]
V  [jvm.dll+0x856e5e]
V  [jvm.dll+0x857543]
V  [jvm.dll+0x280c06]
V  [jvm.dll+0x6c5715]
V  [jvm.dll+0x6ba10a]
V  [jvm.dll+0x3557ea]
V  [jvm.dll+0x35d436]
V  [jvm.dll+0x3ae1be]
V  [jvm.dll+0x3ae468]
V  [jvm.dll+0x3291fc]
V  [jvm.dll+0x329d8b]
V  [jvm.dll+0x81d179]
V  [jvm.dll+0x3bb4f1]
V  [jvm.dll+0x805ae8]
V  [jvm.dll+0x44effe]
V  [jvm.dll+0x450901]
C  [jli.dll+0x52a3]
C  [ucrtbase.dll+0x29363]
C  [KERNEL32.DLL+0x1257d]
C  [ntdll.dll+0x5aa58]


---------------  P R O C E S S  ---------------

Threads class SMR info:
_java_thread_list=0x00007ffa33669b88, length=0, elements={
}

Java Threads: ( => current thread )
Total: 0

Other Threads:
  0x0000029dd9695b70 WorkerThread "GC Thread#0"                     [id=87316, stack(0x000000f303900000,0x000000f303a00000) (1024K)]
  0x0000029dd96a7220 ConcurrentGCThread "G1 Main Marker"            [id=102940, stack(0x000000f303a00000,0x000000f303b00000) (1024K)]
  0x0000029dd96a84c0 WorkerThread "G1 Conc#0"                       [id=113660, stack(0x000000f303b00000,0x000000f303c00000) (1024K)]

[error occurred during error reporting (printing all threads), id 0xc0000005, EXCEPTION_ACCESS_VIOLATION (0xc0000005) at pc=0x00007ffa32ddc2c7]
VM state: not at safepoint (not fully initialized)

VM Mutex/Monitor currently owned by a thread:  ([mutex/lock_event])
[0x00007ffa336da6f8] Heap_lock - owner thread: 0x0000029dd727c9e0

Heap address: 0x0000000702e00000, size: 4050 MB, Compressed Oops mode: Zero based, Oop shift amount: 3

CDS archive(s) mapped at: [0x0000000000000000-0x0000000000000000-0x0000000000000000), size 0, SharedBaseAddress: 0x0000000800000000, ArchiveRelocationMode: 1.
Narrow klass base: 0x0000000000000000, Narrow klass shift: 0, Narrow klass range: 0x0

GC Precious Log:
 CardTable entry size: 512
 Card Set container configuration: InlinePtr #cards 4 size 8 Array Of Cards #cards 16 size 48 Howl #buckets 8 coarsen threshold 3686 Howl Bitmap #cards 512 size 80 coarsen threshold 460 Card regions per heap region 1 cards per card region 4096

Heap:
 garbage-first heap   total 0K, used 0K [0x0000000702e00000, 0x0000000800000000)
  region size 2048K, 0 young (0K), 0 survivors (0K)

[error occurred during error reporting (printing heap information), id 0xc0000005, EXCEPTION_ACCESS_VIOLATION (0xc0000005) at pc=0x00007ffa331c1be9]
GC Heap History (0 events):
No events

Dll operation events (1 events):
Event: 0.010 Loaded shared library C:\Users\wlsrl\.jdks\openjdk-21.0.1\bin\java.dll

Deoptimization events (0 events):
No events

Classes loaded (0 events):
No events

Classes unloaded (0 events):
No events

Classes redefined (0 events):
No events

Internal exceptions (0 events):
No events

ZGC Phase Switch (0 events):
No events

VM Operations (0 events):
No events

Events (0 events):
No events


Dynamic libraries:
0x00007ff6d57d0000 - 0x00007ff6d57de000 	C:\Users\wlsrl\.jdks\openjdk-21.0.1\bin\java.exe
0x00007ffa917b0000 - 0x00007ffa919c7000 	C:\WINDOWS\SYSTEM32\ntdll.dll
0x00007ffa914a0000 - 0x00007ffa91564000 	C:\WINDOWS\System32\KERNEL32.DLL
0x00007ffa8ef80000 - 0x00007ffa8f326000 	C:\WINDOWS\System32\KERNELBASE.dll
0x00007ffa8eb20000 - 0x00007ffa8ec31000 	C:\WINDOWS\System32\ucrtbase.dll
0x00007ffa7f800000 - 0x00007ffa7f818000 	C:\Users\wlsrl\.jdks\openjdk-21.0.1\bin\jli.dll
0x00007ffa890d0000 - 0x00007ffa890eb000 	C:\Users\wlsrl\.jdks\openjdk-21.0.1\bin\VCRUNTIME140.dll
0x00007ffa91270000 - 0x00007ffa9141e000 	C:\WINDOWS\System32\USER32.dll
0x00007ffa8f330000 - 0x00007ffa8f356000 	C:\WINDOWS\System32\win32u.dll
0x00007ffa90010000 - 0x00007ffa90039000 	C:\WINDOWS\System32\GDI32.dll
0x00007ffa7cd40000 - 0x00007ffa7cfd3000 	C:\WINDOWS\WinSxS\amd64_microsoft.windows.common-controls_6595b64144ccf1df_6.0.22621.2506_none_270c5ae97388e100\COMCTL32.dll
0x00007ffa8f3e0000 - 0x00007ffa8f4f8000 	C:\WINDOWS\System32\gdi32full.dll
0x00007ffa8f650000 - 0x00007ffa8f6f7000 	C:\WINDOWS\System32\msvcrt.dll
0x00007ffa8ee70000 - 0x00007ffa8ef0a000 	C:\WINDOWS\System32\msvcp_win.dll
0x00007ffa8f500000 - 0x00007ffa8f531000 	C:\WINDOWS\System32\IMM32.DLL
0x00007ffa89a60000 - 0x00007ffa89a6c000 	C:\Users\wlsrl\.jdks\openjdk-21.0.1\bin\vcruntime140_1.dll
0x00007ffa66340000 - 0x00007ffa663ce000 	C:\Users\wlsrl\.jdks\openjdk-21.0.1\bin\msvcp140.dll
0x00007ffa32aa0000 - 0x00007ffa337b5000 	C:\Users\wlsrl\.jdks\openjdk-21.0.1\bin\server\jvm.dll
0x00007ffa90f70000 - 0x00007ffa91021000 	C:\WINDOWS\System32\ADVAPI32.dll
0x00007ffa903d0000 - 0x00007ffa90475000 	C:\WINDOWS\System32\sechost.dll
0x00007ffa90480000 - 0x00007ffa90597000 	C:\WINDOWS\System32\RPCRT4.dll
0x00007ffa91180000 - 0x00007ffa911f1000 	C:\WINDOWS\System32\WS2_32.dll
0x00007ffa8d970000 - 0x00007ffa8d9bd000 	C:\WINDOWS\SYSTEM32\POWRPROF.dll
0x00007ffa7c2c0000 - 0x00007ffa7c2f4000 	C:\WINDOWS\SYSTEM32\WINMM.dll
0x00007ffa89b20000 - 0x00007ffa89b2a000 	C:\WINDOWS\SYSTEM32\VERSION.dll
0x00007ffa8d950000 - 0x00007ffa8d963000 	C:\WINDOWS\SYSTEM32\UMPDC.dll
0x00007ffa8dc10000 - 0x00007ffa8dc28000 	C:\WINDOWS\SYSTEM32\kernel.appcore.dll
0x00007ffa87580000 - 0x00007ffa8758a000 	C:\Users\wlsrl\.jdks\openjdk-21.0.1\bin\jimage.dll
0x00007ffa88e40000 - 0x00007ffa89073000 	C:\WINDOWS\SYSTEM32\DBGHELP.DLL
0x00007ffa90040000 - 0x00007ffa903c9000 	C:\WINDOWS\System32\combase.dll
0x00007ffa90b80000 - 0x00007ffa90c57000 	C:\WINDOWS\System32\OLEAUT32.dll
0x00007ffa88c50000 - 0x00007ffa88c82000 	C:\WINDOWS\SYSTEM32\dbgcore.DLL
0x00007ffa8f360000 - 0x00007ffa8f3da000 	C:\WINDOWS\System32\bcryptPrimitives.dll
0x00007ffa7b400000 - 0x00007ffa7b41f000 	C:\Users\wlsrl\.jdks\openjdk-21.0.1\bin\java.dll

dbghelp: loaded successfully - version: 4.0.5 - missing functions: none
symbol engine: initialized successfully - sym options: 0x614 - pdb path: .;C:\Users\wlsrl\.jdks\openjdk-21.0.1\bin;C:\WINDOWS\SYSTEM32;C:\WINDOWS\WinSxS\amd64_microsoft.windows.common-controls_6595b64144ccf1df_6.0.22621.2506_none_270c5ae97388e100;C:\Users\wlsrl\.jdks\openjdk-21.0.1\bin\server

VM Arguments:
jvm_args: -Dnet.bytebuddy.agent.attacher.dump= 
java_command: net.bytebuddy.agent.Attacher com.sun.tools.attach.VirtualMachine 105588 C:\Users\wlsrl\.gradle\caches\modules-2\files-2.1\net.bytebuddy\byte-buddy-agent\1.14.10\90ed94ac044ea8953b224304c762316e91fd6b31\byte-buddy-agent-1.14.10.jar false 
java_class_path (initial): C:\Users\wlsrl\.gradle\caches\modules-2\files-2.1\net.bytebuddy\byte-buddy-agent\1.14.10\90ed94ac044ea8953b224304c762316e91fd6b31\byte-buddy-agent-1.14.10.jar
Launcher Type: SUN_STANDARD

[Global flags]
     intx CICompilerCount                          = 4                                         {product} {ergonomic}
     uint ConcGCThreads                            = 3                                         {product} {ergonomic}
     uint G1ConcRefinementThreads                  = 10                                        {product} {ergonomic}
   size_t G1HeapRegionSize                         = 2097152                                   {product} {ergonomic}
    uintx GCDrainStackTargetSize                   = 64                                        {product} {ergonomic}
   size_t InitialHeapSize                          = 266338304                                 {product} {ergonomic}
   size_t MarkStackSize                            = 4194304                                   {product} {ergonomic}
   size_t MaxHeapSize                              = 4246732800                                {product} {ergonomic}
   size_t MinHeapDeltaBytes                        = 2097152                                   {product} {ergonomic}
   size_t MinHeapSize                              = 8388608                                   {product} {ergonomic}
    uintx NonNMethodCodeHeapSize                   = 5839372                                {pd product} {ergonomic}
    uintx NonProfiledCodeHeapSize                  = 122909434                              {pd product} {ergonomic}
    uintx ProfiledCodeHeapSize                     = 122909434                              {pd product} {ergonomic}
    uintx ReservedCodeCacheSize                    = 251658240                              {pd product} {ergonomic}
     bool SegmentedCodeCache                       = true                                      {product} {ergonomic}
   size_t SoftMaxHeapSize                          = 4246732800                             {manageable} {ergonomic}
     bool UseCompressedOops                        = true                           {product lp64_product} {ergonomic}
     bool UseG1GC                                  = true                                      {product} {ergonomic}
     bool UseLargePagesIndividualAllocation        = false                                  {pd product} {ergonomic}

Logging:
Log output configuration:
 #0: stdout all=warning uptime,level,tags foldmultilines=false
 #1: stderr all=off uptime,level,tags foldmultilines=false

Environment Variables:
JAVA_HOME=C:\Program Files\Java\jdk-8.0.382.5-hotspot
PATH=C:\Program Files\Java\jdk-8.0.382.5-hotspot\bin;"C:\Program Files\Java\jdk-8.0.382.5-hotspot\bin;C:\Program Files\Java\jdk-8.0.382.5-hotspot\bin";C:\WINDOWS\system32;C:\WINDOWS;C:\WINDOWS\System32\Wbem;C:\WINDOWS\System32\WindowsPowerShell\v1.0\;C:\WINDOWS\System32\OpenSSH\;C:\Program Files\TortoiseGit\bin;C:\Program Files\dotnet\;C:\Program Files (x86)\ePapyrus\Papyrus-PlugIn-web;C:\Program Files (x86)\ePapyrus\Papyrus-PlugIn-web\Addins;C:\Program Files\Git\cmd;C:\Users\wlsrl\AppData\Local\Microsoft\WindowsApps;;C:\Users\wlsrl\AppData\Local\Programs\Microsoft VS Code\bin;C:\Program Files\JetBrains\IntelliJ IDEA Community Edition 2023.2\bin;
USERNAME=wlsrl
OS=Windows_NT
PROCESSOR_IDENTIFIER=Intel64 Family 6 Model 151 Stepping 5, GenuineIntel
TMP=C:\Users\wlsrl\AppData\Local\Temp
TEMP=C:\Users\wlsrl\AppData\Local\Temp




Periodic native trim disabled

---------------  S Y S T E M  ---------------

OS:
 Windows 11 , 64 bit Build 22621 (10.0.22621.2506)
OS uptime: 9 days 4:48 hours

CPU: total 12 (initial active 12) (6 cores per cpu, 2 threads per core) family 6 model 151 stepping 5 microcode 0x18, cx8, cmov, fxsr, ht, mmx, 3dnowpref, sse, sse2, sse3, ssse3, sse4.1, sse4.2, popcnt, lzcnt, tsc, tscinvbit, avx, avx2, aes, erms, clmul, bmi1, bmi2, adx, sha, fma, vzeroupper, clflush, clflushopt, clwb, serialize, rdtscp, rdpid, fsrm, f16c, pku, cet_ibt, cet_ss
Processor Information for all 12 processors :
  Max Mhz: 2500, Current Mhz: 2500, Mhz Limit: 2500

Memory: 4k page, system-wide physical 16194M (6333M free)
TotalPageFile size 24386M (AvailPageFile size 142M)
current process WorkingSet (physical memory assigned to process): 11M, peak: 11M
current process commit charge ("private bytes"): 64M, peak: 318M

vm_info: OpenJDK 64-Bit Server VM (21.0.1+12-29) for windows-amd64 JRE (21.0.1+12-29), built on 2023-10-05T13:27:09Z by "mach5one" with MS VC++ 17.1 (VS2022)

END.
